<testsuites id="" name="" tests="1" failures="0" skipped="0" errors="0" time="5.094169">
<testsuite name="home-page.spec.ts" timestamp="2025-09-30T03:33:36.495Z" hostname="chromium" tests="1" failures="0" skipped="0" time="3.807" errors="0">
<testcase name="Home Page › should debug page content" classname="home-page.spec.ts" time="3.807">
<system-out>
<![CDATA[App div info: {
  exists: [33mtrue[39m,
  classes: [32m'min-h-screen bg-gradient-to-br from-slate-900 via-purple-900 to-slate-900 text-white overflow-x-hidden'[39m,
  minHeight: [32m'720px'[39m,
  backgroundImage: [32m'linear-gradient(to right bottom, rgb(15, 23, 42), rgb(88, 28, 135), rgb(15, 23, 42))'[39m,
  color: [32m'rgb(255, 255, 255)'[39m
}
Gradient CSS variables: {
  from: [32m'#0f172a'[39m,
  via: [32m'#581c87'[39m,
  to: [32m'#0f172a'[39m,
  stops: [32m'#0f172a, #581c87, #0f172a'[39m
}
]]>
</system-out>
<system-err>
<![CDATA[(node:91347) Warning: The 'NO_COLOR' env is ignored due to the 'FORCE_COLOR' env being set.
(Use `node --trace-warnings ...` to show where the warning was created)
]]>
</system-err>
</testcase>
</testsuite>
</testsuites>